<?xml version="1.0" encoding="UTF-8" ?>
<testsuite failures="0" time="0.137" errors="0" skipped="0" tests="7" name="com.mycompany.finparitask.ConverterTest">
  <properties>
[...]
</properties>
  <testcase time="0" classname="com.mycompany.finparitask.ConverterTest" name="testConvertForNull"/>
  <testcase time="0" classname="com.mycompany.finparitask.ConverterTest" name="testConvertForBoolean"/>
  <testcase time="0" classname="com.mycompany.finparitask.ConverterTest" name="testConvertForNumder"/>
  <testcase time="0" classname="com.mycompany.finparitask.ConverterTest" name="testConvertForObject"/>
  <testcase time="0" classname="com.mycompany.finparitask.ConverterTest" name="testConvertForAll"/>
  <testcase time="0" classname="com.mycompany.finparitask.ConverterTest" name="testConvertForArray"/>
  <testcase time="0" classname="com.mycompany.finparitask.ConverterTest" name="testConvertForString"/>
</testsuite>